22:31:44 :: DEBUG :: |
|
22:31:44 :: DEBUG :: fantom answers
22:31:44 :: DEBUG :: question type ----- select character
22:31:44 :: DEBUG :: data -------------- [{'color': 'black', 'suspect': True, 'position': 3, 'power': False}, {'color': 'red', 'suspect': True, 'position': 7, 'power': False}, {'color': 'purple', 'suspect': True, 'position': 4, 'power': False}]
22:31:44 :: DEBUG :: response index ---- 0
22:31:44 :: DEBUG :: response ---------- {'color': 'black', 'suspect': True, 'position': 3, 'power': False}
22:31:44 :: DEBUG :: |
|
22:31:44 :: DEBUG :: fantom answers
22:31:44 :: DEBUG :: question type ----- select position
22:31:44 :: DEBUG :: data -------------- [1, 2, 6, 7, 9]
22:31:44 :: DEBUG :: response index ---- 0
22:31:44 :: DEBUG :: response ---------- 1
22:31:44 :: DEBUG :: |
|
22:31:44 :: DEBUG :: fantom answers
22:31:44 :: DEBUG :: question type ----- activate black power
22:31:44 :: DEBUG :: data -------------- [0, 1]
22:31:44 :: DEBUG :: response index ---- 0
22:31:44 :: DEBUG :: response ---------- 0
22:31:44 :: DEBUG :: |
|
22:31:44 :: DEBUG :: fantom answers
22:31:44 :: DEBUG :: question type ----- select character
22:31:44 :: DEBUG :: data -------------- [{'color': 'red', 'suspect': True, 'position': 7, 'power': False}, {'color': 'purple', 'suspect': True, 'position': 4, 'power': False}]
22:31:44 :: DEBUG :: response index ---- 0
22:31:44 :: DEBUG :: response ---------- {'color': 'red', 'suspect': True, 'position': 7, 'power': False}
22:31:44 :: DEBUG :: |
|
22:31:44 :: DEBUG :: fantom answers
22:31:44 :: DEBUG :: question type ----- select position
22:31:44 :: DEBUG :: data -------------- [9, 3, 6]
22:31:44 :: DEBUG :: response index ---- 0
22:31:44 :: DEBUG :: response ---------- 9
22:31:44 :: DEBUG :: |
|
22:31:44 :: DEBUG :: fantom answers
22:31:44 :: DEBUG :: question type ----- select character
22:31:44 :: DEBUG :: data -------------- [{'color': 'brown', 'suspect': False, 'position': 8, 'power': False}, {'color': 'pink', 'suspect': True, 'position': 9, 'power': False}, {'color': 'blue', 'suspect': False, 'position': 3, 'power': False}, {'color': 'white', 'suspect': True, 'position': 9, 'power': False}]
22:31:44 :: DEBUG :: response index ---- 3
22:31:44 :: DEBUG :: response ---------- {'color': 'white', 'suspect': True, 'position': 9, 'power': False}
22:31:44 :: DEBUG :: |
|
22:31:44 :: DEBUG :: fantom answers
22:31:44 :: DEBUG :: question type ----- select position
22:31:44 :: DEBUG :: data -------------- [0, 2, 3, 4, 5, 6, 7, 8]
22:31:44 :: DEBUG :: response index ---- 2
22:31:44 :: DEBUG :: response ---------- 3
22:31:44 :: DEBUG :: |
|
22:31:44 :: DEBUG :: fantom answers
22:31:44 :: DEBUG :: question type ----- activate white power
22:31:44 :: DEBUG :: data -------------- [0, 1]
22:31:44 :: DEBUG :: response index ---- 0
22:31:44 :: DEBUG :: response ---------- 0
22:31:44 :: DEBUG :: |
|
22:31:44 :: DEBUG :: fantom answers
22:31:44 :: DEBUG :: question type ----- select character
22:31:44 :: DEBUG :: data -------------- [{'color': 'blue', 'suspect': False, 'position': 3, 'power': False}]
22:31:44 :: DEBUG :: response index ---- 0
22:31:44 :: DEBUG :: response ---------- {'color': 'blue', 'suspect': False, 'position': 3, 'power': False}
22:31:44 :: DEBUG :: |
|
22:31:44 :: DEBUG :: fantom answers
22:31:44 :: DEBUG :: question type ----- select position
22:31:44 :: DEBUG :: data -------------- [1, 2, 6, 7, 9]
22:31:44 :: DEBUG :: response index ---- 3
22:31:44 :: DEBUG :: response ---------- 7
22:31:44 :: DEBUG :: |
|
22:31:44 :: DEBUG :: fantom answers
22:31:44 :: DEBUG :: question type ----- blue character power room
22:31:44 :: DEBUG :: data -------------- [0, 1, 2, 3, 4, 5, 6, 7, 8, 9]
22:31:44 :: DEBUG :: response index ---- 4
22:31:44 :: DEBUG :: response ---------- 4
22:31:44 :: DEBUG :: |
|
22:31:44 :: DEBUG :: fantom answers
22:31:44 :: DEBUG :: question type ----- blue character power exit
22:31:44 :: DEBUG :: data -------------- [0, 8, 5]
22:31:44 :: DEBUG :: response index ---- 1
22:31:44 :: DEBUG :: response ---------- 8
22:31:44 :: DEBUG :: |
|
22:31:44 :: DEBUG :: fantom answers
22:31:44 :: DEBUG :: question type ----- select character
22:31:44 :: DEBUG :: data -------------- [{'color': 'red', 'suspect': False, 'position': 9, 'power': False}, {'color': 'grey', 'suspect': False, 'position': 2, 'power': False}, {'color': 'blue', 'suspect': False, 'position': 7, 'power': False}]
22:31:44 :: DEBUG :: response index ---- 2
22:31:44 :: DEBUG :: response ---------- {'color': 'blue', 'suspect': False, 'position': 7, 'power': False}
22:31:44 :: DEBUG :: |
|
22:31:44 :: DEBUG :: fantom answers
22:31:44 :: DEBUG :: question type ----- select position
22:31:44 :: DEBUG :: data -------------- [9, 3, 6]
22:31:44 :: DEBUG :: response index ---- 2
22:31:44 :: DEBUG :: response ---------- 6
22:31:44 :: DEBUG :: |
|
22:31:44 :: DEBUG :: fantom answers
22:31:44 :: DEBUG :: question type ----- blue character power room
22:31:44 :: DEBUG :: data -------------- [0, 1, 2, 3, 4, 5, 6, 7, 8, 9]
22:31:44 :: DEBUG :: response index ---- 9
22:31:44 :: DEBUG :: response ---------- 9
22:31:44 :: DEBUG :: |
|
22:31:44 :: DEBUG :: fantom answers
22:31:44 :: DEBUG :: question type ----- blue character power exit
22:31:44 :: DEBUG :: data -------------- [8, 7]
22:31:44 :: DEBUG :: response index ---- 0
22:31:44 :: DEBUG :: response ---------- 8
22:31:44 :: DEBUG :: |
|
22:31:44 :: DEBUG :: fantom answers
22:31:44 :: DEBUG :: question type ----- select character
22:31:44 :: DEBUG :: data -------------- [{'color': 'red', 'suspect': False, 'position': 9, 'power': False}, {'color': 'grey', 'suspect': False, 'position': 2, 'power': False}]
22:31:44 :: DEBUG :: response index ---- 0
22:31:44 :: DEBUG :: response ---------- {'color': 'red', 'suspect': False, 'position': 9, 'power': False}
22:31:44 :: DEBUG :: |
|
22:31:44 :: DEBUG :: fantom answers
22:31:44 :: DEBUG :: question type ----- select position
22:31:44 :: DEBUG :: data -------------- [3, 6, 7]
22:31:44 :: DEBUG :: response index ---- 0
22:31:44 :: DEBUG :: response ---------- 3
22:31:44 :: DEBUG :: |
|
22:31:44 :: DEBUG :: fantom answers
22:31:44 :: DEBUG :: question type ----- select character
22:31:44 :: DEBUG :: data -------------- [{'color': 'brown', 'suspect': False, 'position': 9, 'power': False}, {'color': 'pink', 'suspect': True, 'position': 4, 'power': False}, {'color': 'black', 'suspect': False, 'position': 1, 'power': False}, {'color': 'purple', 'suspect': False, 'position': 0, 'power': False}]
22:31:44 :: DEBUG :: response index ---- 2
22:31:44 :: DEBUG :: response ---------- {'color': 'black', 'suspect': False, 'position': 1, 'power': False}
22:31:44 :: DEBUG :: |
|
22:31:44 :: DEBUG :: fantom answers
22:31:44 :: DEBUG :: question type ----- select position
22:31:44 :: DEBUG :: data -------------- [0, 2]
22:31:44 :: DEBUG :: response index ---- 0
22:31:44 :: DEBUG :: response ---------- 0
22:31:44 :: DEBUG :: |
|
22:31:44 :: DEBUG :: fantom answers
22:31:44 :: DEBUG :: question type ----- activate black power
22:31:44 :: DEBUG :: data -------------- [0, 1]
22:31:44 :: DEBUG :: response index ---- 1
22:31:44 :: DEBUG :: response ---------- 1
22:31:45 :: DEBUG :: |
|
22:31:45 :: DEBUG :: fantom answers
22:31:45 :: DEBUG :: question type ----- select character
22:31:45 :: DEBUG :: data -------------- [{'color': 'brown', 'suspect': False, 'position': 9, 'power': False}]
22:31:45 :: DEBUG :: response index ---- 0
22:31:45 :: DEBUG :: response ---------- {'color': 'brown', 'suspect': False, 'position': 9, 'power': False}
22:31:45 :: DEBUG :: |
|
22:31:45 :: DEBUG :: fantom answers
22:31:45 :: DEBUG :: question type ----- activate brown power
22:31:45 :: DEBUG :: data -------------- [0, 1]
22:31:45 :: DEBUG :: response index ---- 1
22:31:45 :: DEBUG :: response ---------- 1
22:31:45 :: DEBUG :: |
|
22:31:45 :: DEBUG :: fantom answers
22:31:45 :: DEBUG :: question type ----- select position
22:31:45 :: DEBUG :: data -------------- [7]
22:31:45 :: DEBUG :: response index ---- 0
22:31:45 :: DEBUG :: response ---------- 7
22:31:45 :: DEBUG :: |
|
22:31:45 :: DEBUG :: fantom answers
22:31:45 :: DEBUG :: question type ----- select character
22:31:45 :: DEBUG :: data -------------- [{'color': 'purple', 'suspect': False, 'position': 1, 'power': False}, {'color': 'black', 'suspect': False, 'position': 0, 'power': False}, {'color': 'blue', 'suspect': False, 'position': 6, 'power': False}]
22:31:45 :: DEBUG :: response index ---- 1
22:31:45 :: DEBUG :: response ---------- {'color': 'black', 'suspect': False, 'position': 0, 'power': False}
22:31:45 :: DEBUG :: |
|
22:31:45 :: DEBUG :: fantom answers
22:31:45 :: DEBUG :: question type ----- select position
22:31:45 :: DEBUG :: data -------------- [1, 2, 4, 5, 8]
22:31:45 :: DEBUG :: response index ---- 3
22:31:45 :: DEBUG :: response ---------- 5
22:31:45 :: DEBUG :: |
|
22:31:45 :: DEBUG :: fantom answers
22:31:45 :: DEBUG :: question type ----- activate black power
22:31:45 :: DEBUG :: data -------------- [0, 1]
22:31:45 :: DEBUG :: response index ---- 1
22:31:45 :: DEBUG :: response ---------- 1
22:31:45 :: DEBUG :: |
|
22:31:45 :: DEBUG :: fantom answers
22:31:45 :: DEBUG :: question type ----- select character
22:31:45 :: DEBUG :: data -------------- [{'color': 'purple', 'suspect': False, 'position': 1, 'power': False}, {'color': 'blue', 'suspect': False, 'position': 5, 'power': False}]
22:31:45 :: DEBUG :: response index ---- 1
22:31:45 :: DEBUG :: response ---------- {'color': 'blue', 'suspect': False, 'position': 5, 'power': False}
22:31:45 :: DEBUG :: |
|
22:31:45 :: DEBUG :: fantom answers
22:31:45 :: DEBUG :: question type ----- select position
22:31:45 :: DEBUG :: data -------------- [0, 1, 3, 4, 6, 7, 8, 9]
22:31:45 :: DEBUG :: response index ---- 5
22:31:45 :: DEBUG :: response ---------- 7
22:31:45 :: DEBUG :: |
|
22:31:45 :: DEBUG :: fantom answers
22:31:45 :: DEBUG :: question type ----- blue character power room
22:31:45 :: DEBUG :: data -------------- [0, 1, 2, 3, 4, 5, 6, 7, 8, 9]
22:31:45 :: DEBUG :: response index ---- 3
22:31:45 :: DEBUG :: response ---------- 3
22:31:45 :: DEBUG :: |
|
22:31:45 :: DEBUG :: fantom answers
22:31:45 :: DEBUG :: question type ----- blue character power exit
22:31:45 :: DEBUG :: data -------------- [2, 7]
22:31:45 :: DEBUG :: response index ---- 1
22:31:45 :: DEBUG :: response ---------- 7
