22:31:42 :: INFO :: no client yet
22:31:43 :: INFO :: Received client !
22:31:44 :: INFO :: Received client !
22:31:44 :: INFO :: received all clients
22:31:44 :: INFO :: the fantom is pink
22:31:44 :: INFO :: 
=======
new game
=======
22:31:44 :: INFO :: shuffle 8 character_cards
22:31:44 :: INFO :: shuffle 10 alibi cards
22:31:44 :: INFO :: 
------------------
22:31:44 :: INFO :: 
pink-9-suspectTour: 1,
Position Carlotta / exit: 6/22,
Shadow: 7,
blocked: (3, 4)
white-9-suspectTour: 1,
Position Carlotta / exit: 6/22,
Shadow: 7,
blocked: (3, 4)
blue-3-suspectTour: 1,
Position Carlotta / exit: 6/22,
Shadow: 7,
blocked: (3, 4)
grey-7-suspectTour: 1,
Position Carlotta / exit: 6/22,
Shadow: 7,
blocked: (3, 4)
purple-4-suspectTour: 1,
Position Carlotta / exit: 6/22,
Shadow: 7,
blocked: (3, 4)
red-7-suspectTour: 1,
Position Carlotta / exit: 6/22,
Shadow: 7,
blocked: (3, 4)
brown-8-suspectTour: 1,
Position Carlotta / exit: 6/22,
Shadow: 7,
blocked: (3, 4)
black-3-suspect
22:31:44 :: DEBUG :: {
    "position_carlotta": 6,
    "exit": 22,
    "num_tour": 1,
    "shadow": 7,
    "blocked": [
        3,
        4
    ],
    "characters": [
        {
            "color": "pink",
            "suspect": true,
            "position": 9,
            "power": false
        },
        {
            "color": "white",
            "suspect": true,
            "position": 9,
            "power": false
        },
        {
            "color": "blue",
            "suspect": true,
            "position": 3,
            "power": false
        },
        {
            "color": "grey",
            "suspect": true,
            "position": 7,
            "power": false
        },
        {
            "color": "purple",
            "suspect": true,
            "position": 4,
            "power": false
        },
        {
            "color": "red",
            "suspect": true,
            "position": 7,
            "power": false
        },
        {
            "color": "brown",
            "suspect": true,
            "position": 8,
            "power": false
        },
        {
            "color": "black",
            "suspect": true,
            "position": 3,
            "power": false
        }
    ],
    "character_cards": [
        {
            "color": "pink",
            "suspect": true,
            "position": 9,
            "power": false
        },
        {
            "color": "white",
            "suspect": true,
            "position": 9,
            "power": false
        },
        {
            "color": "grey",
            "suspect": true,
            "position": 7,
            "power": false
        },
        {
            "color": "purple",
            "suspect": true,
            "position": 4,
            "power": false
        },
        {
            "color": "black",
            "suspect": true,
            "position": 3,
            "power": false
        },
        {
            "color": "brown",
            "suspect": true,
            "position": 8,
            "power": false
        },
        {
            "color": "red",
            "suspect": true,
            "position": 7,
            "power": false
        },
        {
            "color": "blue",
            "suspect": true,
            "position": 3,
            "power": false
        }
    ],
    "active character_cards": []
}
22:31:44 :: INFO :: -
shuffle 8 character_cards
-
22:31:44 :: INFO :: --
inspector plays
--
22:31:44 :: DEBUG :: {
    "position_carlotta": 6,
    "exit": 22,
    "num_tour": 1,
    "shadow": 7,
    "blocked": [
        3,
        4
    ],
    "characters": [
        {
            "color": "pink",
            "suspect": true,
            "position": 9,
            "power": false
        },
        {
            "color": "white",
            "suspect": true,
            "position": 9,
            "power": false
        },
        {
            "color": "blue",
            "suspect": true,
            "position": 3,
            "power": false
        },
        {
            "color": "grey",
            "suspect": true,
            "position": 7,
            "power": false
        },
        {
            "color": "purple",
            "suspect": true,
            "position": 4,
            "power": false
        },
        {
            "color": "red",
            "suspect": true,
            "position": 7,
            "power": false
        },
        {
            "color": "brown",
            "suspect": true,
            "position": 8,
            "power": false
        },
        {
            "color": "black",
            "suspect": true,
            "position": 3,
            "power": false
        }
    ],
    "character_cards": [
        {
            "color": "black",
            "suspect": true,
            "position": 3,
            "power": false
        },
        {
            "color": "red",
            "suspect": true,
            "position": 7,
            "power": false
        },
        {
            "color": "purple",
            "suspect": true,
            "position": 4,
            "power": false
        },
        {
            "color": "grey",
            "suspect": true,
            "position": 7,
            "power": false
        },
        {
            "color": "brown",
            "suspect": true,
            "position": 8,
            "power": false
        },
        {
            "color": "pink",
            "suspect": true,
            "position": 9,
            "power": false
        },
        {
            "color": "blue",
            "suspect": true,
            "position": 3,
            "power": false
        },
        {
            "color": "white",
            "suspect": true,
            "position": 9,
            "power": false
        }
    ],
    "active character_cards": [
        {
            "color": "black",
            "suspect": true,
            "position": 3,
            "power": false
        },
        {
            "color": "red",
            "suspect": true,
            "position": 7,
            "power": false
        },
        {
            "color": "purple",
            "suspect": true,
            "position": 4,
            "power": false
        },
        {
            "color": "grey",
            "suspect": true,
            "position": 7,
            "power": false
        }
    ]
}
22:31:44 :: INFO :: question : select character
22:31:44 :: INFO :: answer : grey-7-suspect
22:31:44 :: INFO :: question : select position
22:31:44 :: INFO :: answer : 2
22:31:44 :: INFO :: new position : 2
22:31:44 :: INFO :: grey power activated
22:31:44 :: INFO :: question : grey character power
22:31:44 :: INFO :: answer : 8
22:31:44 :: INFO :: --
fantom plays
--
22:31:44 :: DEBUG :: {
    "position_carlotta": 6,
    "exit": 22,
    "num_tour": 1,
    "shadow": 8,
    "blocked": [
        3,
        4
    ],
    "characters": [
        {
            "color": "pink",
            "suspect": true,
            "position": 9,
            "power": false
        },
        {
            "color": "white",
            "suspect": true,
            "position": 9,
            "power": false
        },
        {
            "color": "blue",
            "suspect": true,
            "position": 3,
            "power": false
        },
        {
            "color": "grey",
            "suspect": true,
            "position": 2,
            "power": true
        },
        {
            "color": "purple",
            "suspect": true,
            "position": 4,
            "power": false
        },
        {
            "color": "red",
            "suspect": true,
            "position": 7,
            "power": false
        },
        {
            "color": "brown",
            "suspect": true,
            "position": 8,
            "power": false
        },
        {
            "color": "black",
            "suspect": true,
            "position": 3,
            "power": false
        }
    ],
    "character_cards": [
        {
            "color": "black",
            "suspect": true,
            "position": 3,
            "power": false
        },
        {
            "color": "red",
            "suspect": true,
            "position": 7,
            "power": false
        },
        {
            "color": "purple",
            "suspect": true,
            "position": 4,
            "power": false
        },
        {
            "color": "grey",
            "suspect": true,
            "position": 2,
            "power": true
        },
        {
            "color": "brown",
            "suspect": true,
            "position": 8,
            "power": false
        },
        {
            "color": "pink",
            "suspect": true,
            "position": 9,
            "power": false
        },
        {
            "color": "blue",
            "suspect": true,
            "position": 3,
            "power": false
        },
        {
            "color": "white",
            "suspect": true,
            "position": 9,
            "power": false
        }
    ],
    "active character_cards": [
        {
            "color": "black",
            "suspect": true,
            "position": 3,
            "power": false
        },
        {
            "color": "red",
            "suspect": true,
            "position": 7,
            "power": false
        },
        {
            "color": "purple",
            "suspect": true,
            "position": 4,
            "power": false
        }
    ]
}
22:31:44 :: INFO :: question : select character
22:31:44 :: INFO :: answer : black-3-suspect
22:31:44 :: INFO :: question : select position
22:31:44 :: INFO :: answer : 1
22:31:44 :: INFO :: new position : 1
22:31:44 :: INFO :: question : activate black power
22:31:44 :: INFO :: answer  : no
22:31:44 :: INFO :: --
fantom plays
--
22:31:44 :: DEBUG :: {
    "position_carlotta": 6,
    "exit": 22,
    "num_tour": 1,
    "shadow": 8,
    "blocked": [
        3,
        4
    ],
    "characters": [
        {
            "color": "pink",
            "suspect": true,
            "position": 9,
            "power": false
        },
        {
            "color": "white",
            "suspect": true,
            "position": 9,
            "power": false
        },
        {
            "color": "blue",
            "suspect": true,
            "position": 3,
            "power": false
        },
        {
            "color": "grey",
            "suspect": true,
            "position": 2,
            "power": true
        },
        {
            "color": "purple",
            "suspect": true,
            "position": 4,
            "power": false
        },
        {
            "color": "red",
            "suspect": true,
            "position": 7,
            "power": false
        },
        {
            "color": "brown",
            "suspect": true,
            "position": 8,
            "power": false
        },
        {
            "color": "black",
            "suspect": true,
            "position": 1,
            "power": false
        }
    ],
    "character_cards": [
        {
            "color": "black",
            "suspect": true,
            "position": 1,
            "power": false
        },
        {
            "color": "red",
            "suspect": true,
            "position": 7,
            "power": false
        },
        {
            "color": "purple",
            "suspect": true,
            "position": 4,
            "power": false
        },
        {
            "color": "grey",
            "suspect": true,
            "position": 2,
            "power": true
        },
        {
            "color": "brown",
            "suspect": true,
            "position": 8,
            "power": false
        },
        {
            "color": "pink",
            "suspect": true,
            "position": 9,
            "power": false
        },
        {
            "color": "blue",
            "suspect": true,
            "position": 3,
            "power": false
        },
        {
            "color": "white",
            "suspect": true,
            "position": 9,
            "power": false
        }
    ],
    "active character_cards": [
        {
            "color": "red",
            "suspect": true,
            "position": 7,
            "power": false
        },
        {
            "color": "purple",
            "suspect": true,
            "position": 4,
            "power": false
        }
    ]
}
22:31:44 :: INFO :: question : select character
22:31:44 :: INFO :: answer : red-7-suspect
22:31:44 :: INFO :: question : select position
22:31:44 :: INFO :: answer : 9
22:31:44 :: INFO :: new position : 9
22:31:44 :: INFO :: red power activated
22:31:44 :: INFO :: blue-3-suspect was drawn
22:31:44 :: INFO :: --
inspector plays
--
22:31:44 :: DEBUG :: {
    "position_carlotta": 6,
    "exit": 22,
    "num_tour": 1,
    "shadow": 8,
    "blocked": [
        3,
        4
    ],
    "characters": [
        {
            "color": "pink",
            "suspect": true,
            "position": 9,
            "power": false
        },
        {
            "color": "white",
            "suspect": true,
            "position": 9,
            "power": false
        },
        {
            "color": "blue",
            "suspect": true,
            "position": 3,
            "power": false
        },
        {
            "color": "grey",
            "suspect": true,
            "position": 2,
            "power": true
        },
        {
            "color": "purple",
            "suspect": true,
            "position": 4,
            "power": false
        },
        {
            "color": "red",
            "suspect": true,
            "position": 9,
            "power": true
        },
        {
            "color": "brown",
            "suspect": true,
            "position": 8,
            "power": false
        },
        {
            "color": "black",
            "suspect": true,
            "position": 1,
            "power": false
        }
    ],
    "character_cards": [
        {
            "color": "black",
            "suspect": true,
            "position": 1,
            "power": false
        },
        {
            "color": "red",
            "suspect": true,
            "position": 9,
            "power": true
        },
        {
            "color": "purple",
            "suspect": true,
            "position": 4,
            "power": false
        },
        {
            "color": "grey",
            "suspect": true,
            "position": 2,
            "power": true
        },
        {
            "color": "brown",
            "suspect": true,
            "position": 8,
            "power": false
        },
        {
            "color": "pink",
            "suspect": true,
            "position": 9,
            "power": false
        },
        {
            "color": "blue",
            "suspect": true,
            "position": 3,
            "power": false
        },
        {
            "color": "white",
            "suspect": true,
            "position": 9,
            "power": false
        }
    ],
    "active character_cards": [
        {
            "color": "purple",
            "suspect": true,
            "position": 4,
            "power": false
        }
    ]
}
22:31:44 :: INFO :: question : select character
22:31:44 :: INFO :: answer : purple-4-suspect
22:31:44 :: INFO :: question : activate purple power
22:31:44 :: INFO :: answer  : no
22:31:44 :: INFO :: question : select position
22:31:44 :: INFO :: answer : 0
22:31:44 :: INFO :: new position : 0
22:31:44 :: INFO :: the fantom does not scream.
22:31:44 :: INFO :: 
------------------
22:31:44 :: INFO :: 
pink-9-suspectTour: 2,
Position Carlotta / exit: 9/22,
Shadow: 8,
blocked: (3, 4)
white-9-suspectTour: 2,
Position Carlotta / exit: 9/22,
Shadow: 8,
blocked: (3, 4)
blue-3-cleanTour: 2,
Position Carlotta / exit: 9/22,
Shadow: 8,
blocked: (3, 4)
grey-2-cleanTour: 2,
Position Carlotta / exit: 9/22,
Shadow: 8,
blocked: (3, 4)
purple-0-cleanTour: 2,
Position Carlotta / exit: 9/22,
Shadow: 8,
blocked: (3, 4)
red-9-suspectTour: 2,
Position Carlotta / exit: 9/22,
Shadow: 8,
blocked: (3, 4)
brown-8-cleanTour: 2,
Position Carlotta / exit: 9/22,
Shadow: 8,
blocked: (3, 4)
black-1-clean
22:31:44 :: DEBUG :: {
    "position_carlotta": 9,
    "exit": 22,
    "num_tour": 2,
    "shadow": 8,
    "blocked": [
        3,
        4
    ],
    "characters": [
        {
            "color": "pink",
            "suspect": true,
            "position": 9,
            "power": false
        },
        {
            "color": "white",
            "suspect": true,
            "position": 9,
            "power": false
        },
        {
            "color": "blue",
            "suspect": false,
            "position": 3,
            "power": false
        },
        {
            "color": "grey",
            "suspect": false,
            "position": 2,
            "power": true
        },
        {
            "color": "purple",
            "suspect": false,
            "position": 0,
            "power": false
        },
        {
            "color": "red",
            "suspect": true,
            "position": 9,
            "power": true
        },
        {
            "color": "brown",
            "suspect": false,
            "position": 8,
            "power": false
        },
        {
            "color": "black",
            "suspect": false,
            "position": 1,
            "power": false
        }
    ],
    "character_cards": [
        {
            "color": "black",
            "suspect": false,
            "position": 1,
            "power": false
        },
        {
            "color": "red",
            "suspect": true,
            "position": 9,
            "power": true
        },
        {
            "color": "purple",
            "suspect": false,
            "position": 0,
            "power": false
        },
        {
            "color": "grey",
            "suspect": false,
            "position": 2,
            "power": true
        },
        {
            "color": "brown",
            "suspect": false,
            "position": 8,
            "power": false
        },
        {
            "color": "pink",
            "suspect": true,
            "position": 9,
            "power": false
        },
        {
            "color": "blue",
            "suspect": false,
            "position": 3,
            "power": false
        },
        {
            "color": "white",
            "suspect": true,
            "position": 9,
            "power": false
        }
    ],
    "active character_cards": []
}
22:31:44 :: INFO :: --
fantom plays
--
22:31:44 :: DEBUG :: {
    "position_carlotta": 9,
    "exit": 22,
    "num_tour": 2,
    "shadow": 8,
    "blocked": [
        3,
        4
    ],
    "characters": [
        {
            "color": "pink",
            "suspect": true,
            "position": 9,
            "power": false
        },
        {
            "color": "white",
            "suspect": true,
            "position": 9,
            "power": false
        },
        {
            "color": "blue",
            "suspect": false,
            "position": 3,
            "power": false
        },
        {
            "color": "grey",
            "suspect": false,
            "position": 2,
            "power": true
        },
        {
            "color": "purple",
            "suspect": false,
            "position": 0,
            "power": false
        },
        {
            "color": "red",
            "suspect": true,
            "position": 9,
            "power": true
        },
        {
            "color": "brown",
            "suspect": false,
            "position": 8,
            "power": false
        },
        {
            "color": "black",
            "suspect": false,
            "position": 1,
            "power": false
        }
    ],
    "character_cards": [
        {
            "color": "black",
            "suspect": false,
            "position": 1,
            "power": false
        },
        {
            "color": "red",
            "suspect": true,
            "position": 9,
            "power": true
        },
        {
            "color": "purple",
            "suspect": false,
            "position": 0,
            "power": false
        },
        {
            "color": "grey",
            "suspect": false,
            "position": 2,
            "power": true
        },
        {
            "color": "brown",
            "suspect": false,
            "position": 8,
            "power": false
        },
        {
            "color": "pink",
            "suspect": true,
            "position": 9,
            "power": false
        },
        {
            "color": "blue",
            "suspect": false,
            "position": 3,
            "power": false
        },
        {
            "color": "white",
            "suspect": true,
            "position": 9,
            "power": false
        }
    ],
    "active character_cards": [
        {
            "color": "brown",
            "suspect": false,
            "position": 8,
            "power": false
        },
        {
            "color": "pink",
            "suspect": true,
            "position": 9,
            "power": false
        },
        {
            "color": "blue",
            "suspect": false,
            "position": 3,
            "power": false
        },
        {
            "color": "white",
            "suspect": true,
            "position": 9,
            "power": false
        }
    ]
}
22:31:44 :: INFO :: question : select character
22:31:44 :: INFO :: answer : white-9-suspect
22:31:44 :: INFO :: question : select position
22:31:44 :: INFO :: answer : 3
22:31:44 :: INFO :: new position : 3
22:31:44 :: INFO :: question : activate white power
22:31:44 :: INFO :: answer  : no
22:31:44 :: INFO :: --
inspector plays
--
22:31:44 :: DEBUG :: {
    "position_carlotta": 9,
    "exit": 22,
    "num_tour": 2,
    "shadow": 8,
    "blocked": [
        3,
        4
    ],
    "characters": [
        {
            "color": "pink",
            "suspect": true,
            "position": 9,
            "power": false
        },
        {
            "color": "white",
            "suspect": true,
            "position": 3,
            "power": false
        },
        {
            "color": "blue",
            "suspect": false,
            "position": 3,
            "power": false
        },
        {
            "color": "grey",
            "suspect": false,
            "position": 2,
            "power": true
        },
        {
            "color": "purple",
            "suspect": false,
            "position": 0,
            "power": false
        },
        {
            "color": "red",
            "suspect": true,
            "position": 9,
            "power": true
        },
        {
            "color": "brown",
            "suspect": false,
            "position": 8,
            "power": false
        },
        {
            "color": "black",
            "suspect": false,
            "position": 1,
            "power": false
        }
    ],
    "character_cards": [
        {
            "color": "black",
            "suspect": false,
            "position": 1,
            "power": false
        },
        {
            "color": "red",
            "suspect": true,
            "position": 9,
            "power": true
        },
        {
            "color": "purple",
            "suspect": false,
            "position": 0,
            "power": false
        },
        {
            "color": "grey",
            "suspect": false,
            "position": 2,
            "power": true
        },
        {
            "color": "brown",
            "suspect": false,
            "position": 8,
            "power": false
        },
        {
            "color": "pink",
            "suspect": true,
            "position": 9,
            "power": false
        },
        {
            "color": "blue",
            "suspect": false,
            "position": 3,
            "power": false
        },
        {
            "color": "white",
            "suspect": true,
            "position": 3,
            "power": false
        }
    ],
    "active character_cards": [
        {
            "color": "brown",
            "suspect": false,
            "position": 8,
            "power": false
        },
        {
            "color": "pink",
            "suspect": true,
            "position": 9,
            "power": false
        },
        {
            "color": "blue",
            "suspect": false,
            "position": 3,
            "power": false
        }
    ]
}
22:31:44 :: INFO :: question : select character
22:31:44 :: INFO :: answer : pink-9-suspect
22:31:44 :: INFO :: question : select position
22:31:44 :: INFO :: answer : 4
22:31:44 :: INFO :: new position : 4
22:31:44 :: INFO :: --
inspector plays
--
22:31:44 :: DEBUG :: {
    "position_carlotta": 9,
    "exit": 22,
    "num_tour": 2,
    "shadow": 8,
    "blocked": [
        3,
        4
    ],
    "characters": [
        {
            "color": "pink",
            "suspect": true,
            "position": 4,
            "power": false
        },
        {
            "color": "white",
            "suspect": true,
            "position": 3,
            "power": false
        },
        {
            "color": "blue",
            "suspect": false,
            "position": 3,
            "power": false
        },
        {
            "color": "grey",
            "suspect": false,
            "position": 2,
            "power": true
        },
        {
            "color": "purple",
            "suspect": false,
            "position": 0,
            "power": false
        },
        {
            "color": "red",
            "suspect": true,
            "position": 9,
            "power": true
        },
        {
            "color": "brown",
            "suspect": false,
            "position": 8,
            "power": false
        },
        {
            "color": "black",
            "suspect": false,
            "position": 1,
            "power": false
        }
    ],
    "character_cards": [
        {
            "color": "black",
            "suspect": false,
            "position": 1,
            "power": false
        },
        {
            "color": "red",
            "suspect": true,
            "position": 9,
            "power": true
        },
        {
            "color": "purple",
            "suspect": false,
            "position": 0,
            "power": false
        },
        {
            "color": "grey",
            "suspect": false,
            "position": 2,
            "power": true
        },
        {
            "color": "brown",
            "suspect": false,
            "position": 8,
            "power": false
        },
        {
            "color": "pink",
            "suspect": true,
            "position": 4,
            "power": false
        },
        {
            "color": "blue",
            "suspect": false,
            "position": 3,
            "power": false
        },
        {
            "color": "white",
            "suspect": true,
            "position": 3,
            "power": false
        }
    ],
    "active character_cards": [
        {
            "color": "brown",
            "suspect": false,
            "position": 8,
            "power": false
        },
        {
            "color": "blue",
            "suspect": false,
            "position": 3,
            "power": false
        }
    ]
}
22:31:44 :: INFO :: question : select character
22:31:44 :: INFO :: answer : brown-8-clean
22:31:44 :: INFO :: question : activate brown power
22:31:44 :: INFO :: answer  : no
22:31:44 :: INFO :: question : select position
22:31:44 :: INFO :: answer : 9
22:31:44 :: INFO :: new position : 9
22:31:44 :: INFO :: --
fantom plays
--
22:31:44 :: DEBUG :: {
    "position_carlotta": 9,
    "exit": 22,
    "num_tour": 2,
    "shadow": 8,
    "blocked": [
        3,
        4
    ],
    "characters": [
        {
            "color": "pink",
            "suspect": true,
            "position": 4,
            "power": false
        },
        {
            "color": "white",
            "suspect": true,
            "position": 3,
            "power": false
        },
        {
            "color": "blue",
            "suspect": false,
            "position": 3,
            "power": false
        },
        {
            "color": "grey",
            "suspect": false,
            "position": 2,
            "power": true
        },
        {
            "color": "purple",
            "suspect": false,
            "position": 0,
            "power": false
        },
        {
            "color": "red",
            "suspect": true,
            "position": 9,
            "power": true
        },
        {
            "color": "brown",
            "suspect": false,
            "position": 9,
            "power": false
        },
        {
            "color": "black",
            "suspect": false,
            "position": 1,
            "power": false
        }
    ],
    "character_cards": [
        {
            "color": "black",
            "suspect": false,
            "position": 1,
            "power": false
        },
        {
            "color": "red",
            "suspect": true,
            "position": 9,
            "power": true
        },
        {
            "color": "purple",
            "suspect": false,
            "position": 0,
            "power": false
        },
        {
            "color": "grey",
            "suspect": false,
            "position": 2,
            "power": true
        },
        {
            "color": "brown",
            "suspect": false,
            "position": 9,
            "power": false
        },
        {
            "color": "pink",
            "suspect": true,
            "position": 4,
            "power": false
        },
        {
            "color": "blue",
            "suspect": false,
            "position": 3,
            "power": false
        },
        {
            "color": "white",
            "suspect": true,
            "position": 3,
            "power": false
        }
    ],
    "active character_cards": [
        {
            "color": "blue",
            "suspect": false,
            "position": 3,
            "power": false
        }
    ]
}
22:31:44 :: INFO :: question : select character
22:31:44 :: INFO :: answer : blue-3-clean
22:31:44 :: INFO :: question : select position
22:31:44 :: INFO :: answer : 7
22:31:44 :: INFO :: new position : 7
22:31:44 :: INFO :: blue power activated
22:31:44 :: INFO :: question : blue character power exit
22:31:44 :: INFO :: answer : {8, 4}
22:31:44 :: INFO :: The fantom screams.
22:31:44 :: INFO :: 
------------------
22:31:44 :: INFO :: 
pink-4-suspectTour: 3,
Position Carlotta / exit: 12/22,
Shadow: 8,
blocked: (4, 8)
white-3-suspectTour: 3,
Position Carlotta / exit: 12/22,
Shadow: 8,
blocked: (4, 8)
blue-7-cleanTour: 3,
Position Carlotta / exit: 12/22,
Shadow: 8,
blocked: (4, 8)
grey-2-cleanTour: 3,
Position Carlotta / exit: 12/22,
Shadow: 8,
blocked: (4, 8)
purple-0-cleanTour: 3,
Position Carlotta / exit: 12/22,
Shadow: 8,
blocked: (4, 8)
red-9-cleanTour: 3,
Position Carlotta / exit: 12/22,
Shadow: 8,
blocked: (4, 8)
brown-9-cleanTour: 3,
Position Carlotta / exit: 12/22,
Shadow: 8,
blocked: (4, 8)
black-1-clean
22:31:44 :: DEBUG :: {
    "position_carlotta": 12,
    "exit": 22,
    "num_tour": 3,
    "shadow": 8,
    "blocked": [
        4,
        8
    ],
    "characters": [
        {
            "color": "pink",
            "suspect": true,
            "position": 4,
            "power": false
        },
        {
            "color": "white",
            "suspect": true,
            "position": 3,
            "power": false
        },
        {
            "color": "blue",
            "suspect": false,
            "position": 7,
            "power": true
        },
        {
            "color": "grey",
            "suspect": false,
            "position": 2,
            "power": true
        },
        {
            "color": "purple",
            "suspect": false,
            "position": 0,
            "power": false
        },
        {
            "color": "red",
            "suspect": false,
            "position": 9,
            "power": true
        },
        {
            "color": "brown",
            "suspect": false,
            "position": 9,
            "power": false
        },
        {
            "color": "black",
            "suspect": false,
            "position": 1,
            "power": false
        }
    ],
    "character_cards": [
        {
            "color": "black",
            "suspect": false,
            "position": 1,
            "power": false
        },
        {
            "color": "red",
            "suspect": false,
            "position": 9,
            "power": true
        },
        {
            "color": "purple",
            "suspect": false,
            "position": 0,
            "power": false
        },
        {
            "color": "grey",
            "suspect": false,
            "position": 2,
            "power": true
        },
        {
            "color": "brown",
            "suspect": false,
            "position": 9,
            "power": false
        },
        {
            "color": "pink",
            "suspect": true,
            "position": 4,
            "power": false
        },
        {
            "color": "blue",
            "suspect": false,
            "position": 7,
            "power": true
        },
        {
            "color": "white",
            "suspect": true,
            "position": 3,
            "power": false
        }
    ],
    "active character_cards": []
}
22:31:44 :: INFO :: -
shuffle 8 character_cards
-
22:31:44 :: INFO :: --
inspector plays
--
22:31:44 :: DEBUG :: {
    "position_carlotta": 12,
    "exit": 22,
    "num_tour": 3,
    "shadow": 8,
    "blocked": [
        4,
        8
    ],
    "characters": [
        {
            "color": "pink",
            "suspect": true,
            "position": 4,
            "power": false
        },
        {
            "color": "white",
            "suspect": true,
            "position": 3,
            "power": false
        },
        {
            "color": "blue",
            "suspect": false,
            "position": 7,
            "power": false
        },
        {
            "color": "grey",
            "suspect": false,
            "position": 2,
            "power": false
        },
        {
            "color": "purple",
            "suspect": false,
            "position": 0,
            "power": false
        },
        {
            "color": "red",
            "suspect": false,
            "position": 9,
            "power": false
        },
        {
            "color": "brown",
            "suspect": false,
            "position": 9,
            "power": false
        },
        {
            "color": "black",
            "suspect": false,
            "position": 1,
            "power": false
        }
    ],
    "character_cards": [
        {
            "color": "red",
            "suspect": false,
            "position": 9,
            "power": false
        },
        {
            "color": "white",
            "suspect": true,
            "position": 3,
            "power": false
        },
        {
            "color": "grey",
            "suspect": false,
            "position": 2,
            "power": false
        },
        {
            "color": "blue",
            "suspect": false,
            "position": 7,
            "power": false
        },
        {
            "color": "brown",
            "suspect": false,
            "position": 9,
            "power": false
        },
        {
            "color": "pink",
            "suspect": true,
            "position": 4,
            "power": false
        },
        {
            "color": "black",
            "suspect": false,
            "position": 1,
            "power": false
        },
        {
            "color": "purple",
            "suspect": false,
            "position": 0,
            "power": false
        }
    ],
    "active character_cards": [
        {
            "color": "red",
            "suspect": false,
            "position": 9,
            "power": false
        },
        {
            "color": "white",
            "suspect": true,
            "position": 3,
            "power": false
        },
        {
            "color": "grey",
            "suspect": false,
            "position": 2,
            "power": false
        },
        {
            "color": "blue",
            "suspect": false,
            "position": 7,
            "power": false
        }
    ]
}
22:31:44 :: INFO :: question : select character
22:31:44 :: INFO :: answer : white-3-suspect
22:31:44 :: INFO :: question : select position
22:31:44 :: INFO :: answer : 2
22:31:44 :: INFO :: new position : 2
22:31:44 :: INFO :: question : activate white power
22:31:44 :: INFO :: answer  : no
22:31:44 :: INFO :: --
fantom plays
--
22:31:44 :: DEBUG :: {
    "position_carlotta": 12,
    "exit": 22,
    "num_tour": 3,
    "shadow": 8,
    "blocked": [
        4,
        8
    ],
    "characters": [
        {
            "color": "pink",
            "suspect": true,
            "position": 4,
            "power": false
        },
        {
            "color": "white",
            "suspect": true,
            "position": 2,
            "power": false
        },
        {
            "color": "blue",
            "suspect": false,
            "position": 7,
            "power": false
        },
        {
            "color": "grey",
            "suspect": false,
            "position": 2,
            "power": false
        },
        {
            "color": "purple",
            "suspect": false,
            "position": 0,
            "power": false
        },
        {
            "color": "red",
            "suspect": false,
            "position": 9,
            "power": false
        },
        {
            "color": "brown",
            "suspect": false,
            "position": 9,
            "power": false
        },
        {
            "color": "black",
            "suspect": false,
            "position": 1,
            "power": false
        }
    ],
    "character_cards": [
        {
            "color": "red",
            "suspect": false,
            "position": 9,
            "power": false
        },
        {
            "color": "white",
            "suspect": true,
            "position": 2,
            "power": false
        },
        {
            "color": "grey",
            "suspect": false,
            "position": 2,
            "power": false
        },
        {
            "color": "blue",
            "suspect": false,
            "position": 7,
            "power": false
        },
        {
            "color": "brown",
            "suspect": false,
            "position": 9,
            "power": false
        },
        {
            "color": "pink",
            "suspect": true,
            "position": 4,
            "power": false
        },
        {
            "color": "black",
            "suspect": false,
            "position": 1,
            "power": false
        },
        {
            "color": "purple",
            "suspect": false,
            "position": 0,
            "power": false
        }
    ],
    "active character_cards": [
        {
            "color": "red",
            "suspect": false,
            "position": 9,
            "power": false
        },
        {
            "color": "grey",
            "suspect": false,
            "position": 2,
            "power": false
        },
        {
            "color": "blue",
            "suspect": false,
            "position": 7,
            "power": false
        }
    ]
}
22:31:44 :: INFO :: question : select character
22:31:44 :: INFO :: answer : blue-7-clean
22:31:44 :: INFO :: question : select position
22:31:44 :: INFO :: answer : 6
22:31:44 :: INFO :: new position : 6
22:31:44 :: INFO :: blue power activated
22:31:44 :: INFO :: question : blue character power exit
22:31:44 :: INFO :: answer : {8, 9}
22:31:44 :: INFO :: --
fantom plays
--
22:31:44 :: DEBUG :: {
    "position_carlotta": 12,
    "exit": 22,
    "num_tour": 3,
    "shadow": 8,
    "blocked": [
        9,
        8
    ],
    "characters": [
        {
            "color": "pink",
            "suspect": true,
            "position": 4,
            "power": false
        },
        {
            "color": "white",
            "suspect": true,
            "position": 2,
            "power": false
        },
        {
            "color": "blue",
            "suspect": false,
            "position": 6,
            "power": true
        },
        {
            "color": "grey",
            "suspect": false,
            "position": 2,
            "power": false
        },
        {
            "color": "purple",
            "suspect": false,
            "position": 0,
            "power": false
        },
        {
            "color": "red",
            "suspect": false,
            "position": 9,
            "power": false
        },
        {
            "color": "brown",
            "suspect": false,
            "position": 9,
            "power": false
        },
        {
            "color": "black",
            "suspect": false,
            "position": 1,
            "power": false
        }
    ],
    "character_cards": [
        {
            "color": "red",
            "suspect": false,
            "position": 9,
            "power": false
        },
        {
            "color": "white",
            "suspect": true,
            "position": 2,
            "power": false
        },
        {
            "color": "grey",
            "suspect": false,
            "position": 2,
            "power": false
        },
        {
            "color": "blue",
            "suspect": false,
            "position": 6,
            "power": true
        },
        {
            "color": "brown",
            "suspect": false,
            "position": 9,
            "power": false
        },
        {
            "color": "pink",
            "suspect": true,
            "position": 4,
            "power": false
        },
        {
            "color": "black",
            "suspect": false,
            "position": 1,
            "power": false
        },
        {
            "color": "purple",
            "suspect": false,
            "position": 0,
            "power": false
        }
    ],
    "active character_cards": [
        {
            "color": "red",
            "suspect": false,
            "position": 9,
            "power": false
        },
        {
            "color": "grey",
            "suspect": false,
            "position": 2,
            "power": false
        }
    ]
}
22:31:44 :: INFO :: question : select character
22:31:44 :: INFO :: answer : red-9-clean
22:31:44 :: INFO :: question : select position
22:31:44 :: INFO :: answer : 3
22:31:44 :: INFO :: new position : 3
22:31:44 :: INFO :: red power activated
22:31:44 :: INFO :: fantom was drawn
22:31:44 :: INFO :: --
inspector plays
--
22:31:44 :: DEBUG :: {
    "position_carlotta": 13,
    "exit": 22,
    "num_tour": 3,
    "shadow": 8,
    "blocked": [
        9,
        8
    ],
    "characters": [
        {
            "color": "pink",
            "suspect": true,
            "position": 4,
            "power": false
        },
        {
            "color": "white",
            "suspect": true,
            "position": 2,
            "power": false
        },
        {
            "color": "blue",
            "suspect": false,
            "position": 6,
            "power": true
        },
        {
            "color": "grey",
            "suspect": false,
            "position": 2,
            "power": false
        },
        {
            "color": "purple",
            "suspect": false,
            "position": 0,
            "power": false
        },
        {
            "color": "red",
            "suspect": false,
            "position": 3,
            "power": true
        },
        {
            "color": "brown",
            "suspect": false,
            "position": 9,
            "power": false
        },
        {
            "color": "black",
            "suspect": false,
            "position": 1,
            "power": false
        }
    ],
    "character_cards": [
        {
            "color": "red",
            "suspect": false,
            "position": 3,
            "power": true
        },
        {
            "color": "white",
            "suspect": true,
            "position": 2,
            "power": false
        },
        {
            "color": "grey",
            "suspect": false,
            "position": 2,
            "power": false
        },
        {
            "color": "blue",
            "suspect": false,
            "position": 6,
            "power": true
        },
        {
            "color": "brown",
            "suspect": false,
            "position": 9,
            "power": false
        },
        {
            "color": "pink",
            "suspect": true,
            "position": 4,
            "power": false
        },
        {
            "color": "black",
            "suspect": false,
            "position": 1,
            "power": false
        },
        {
            "color": "purple",
            "suspect": false,
            "position": 0,
            "power": false
        }
    ],
    "active character_cards": [
        {
            "color": "grey",
            "suspect": false,
            "position": 2,
            "power": false
        }
    ]
}
22:31:44 :: INFO :: question : select character
22:31:44 :: INFO :: answer : grey-2-clean
22:31:44 :: INFO :: question : select position
22:31:44 :: INFO :: answer : 0
22:31:44 :: INFO :: new position : 0
22:31:44 :: INFO :: grey power activated
22:31:44 :: INFO :: question : grey character power
22:31:44 :: INFO :: answer : 5
22:31:44 :: INFO :: The fantom screams.
22:31:44 :: INFO :: 
------------------
22:31:44 :: INFO :: 
pink-4-suspectTour: 4,
Position Carlotta / exit: 16/22,
Shadow: 5,
blocked: (9, 8)
white-2-suspectTour: 4,
Position Carlotta / exit: 16/22,
Shadow: 5,
blocked: (9, 8)
blue-6-cleanTour: 4,
Position Carlotta / exit: 16/22,
Shadow: 5,
blocked: (9, 8)
grey-0-cleanTour: 4,
Position Carlotta / exit: 16/22,
Shadow: 5,
blocked: (9, 8)
purple-0-cleanTour: 4,
Position Carlotta / exit: 16/22,
Shadow: 5,
blocked: (9, 8)
red-3-cleanTour: 4,
Position Carlotta / exit: 16/22,
Shadow: 5,
blocked: (9, 8)
brown-9-cleanTour: 4,
Position Carlotta / exit: 16/22,
Shadow: 5,
blocked: (9, 8)
black-1-clean
22:31:44 :: DEBUG :: {
    "position_carlotta": 16,
    "exit": 22,
    "num_tour": 4,
    "shadow": 5,
    "blocked": [
        9,
        8
    ],
    "characters": [
        {
            "color": "pink",
            "suspect": true,
            "position": 4,
            "power": false
        },
        {
            "color": "white",
            "suspect": true,
            "position": 2,
            "power": false
        },
        {
            "color": "blue",
            "suspect": false,
            "position": 6,
            "power": true
        },
        {
            "color": "grey",
            "suspect": false,
            "position": 0,
            "power": true
        },
        {
            "color": "purple",
            "suspect": false,
            "position": 0,
            "power": false
        },
        {
            "color": "red",
            "suspect": false,
            "position": 3,
            "power": true
        },
        {
            "color": "brown",
            "suspect": false,
            "position": 9,
            "power": false
        },
        {
            "color": "black",
            "suspect": false,
            "position": 1,
            "power": false
        }
    ],
    "character_cards": [
        {
            "color": "red",
            "suspect": false,
            "position": 3,
            "power": true
        },
        {
            "color": "white",
            "suspect": true,
            "position": 2,
            "power": false
        },
        {
            "color": "grey",
            "suspect": false,
            "position": 0,
            "power": true
        },
        {
            "color": "blue",
            "suspect": false,
            "position": 6,
            "power": true
        },
        {
            "color": "brown",
            "suspect": false,
            "position": 9,
            "power": false
        },
        {
            "color": "pink",
            "suspect": true,
            "position": 4,
            "power": false
        },
        {
            "color": "black",
            "suspect": false,
            "position": 1,
            "power": false
        },
        {
            "color": "purple",
            "suspect": false,
            "position": 0,
            "power": false
        }
    ],
    "active character_cards": []
}
22:31:44 :: INFO :: --
fantom plays
--
22:31:44 :: DEBUG :: {
    "position_carlotta": 16,
    "exit": 22,
    "num_tour": 4,
    "shadow": 5,
    "blocked": [
        9,
        8
    ],
    "characters": [
        {
            "color": "pink",
            "suspect": true,
            "position": 4,
            "power": false
        },
        {
            "color": "white",
            "suspect": true,
            "position": 2,
            "power": false
        },
        {
            "color": "blue",
            "suspect": false,
            "position": 6,
            "power": true
        },
        {
            "color": "grey",
            "suspect": false,
            "position": 0,
            "power": true
        },
        {
            "color": "purple",
            "suspect": false,
            "position": 0,
            "power": false
        },
        {
            "color": "red",
            "suspect": false,
            "position": 3,
            "power": true
        },
        {
            "color": "brown",
            "suspect": false,
            "position": 9,
            "power": false
        },
        {
            "color": "black",
            "suspect": false,
            "position": 1,
            "power": false
        }
    ],
    "character_cards": [
        {
            "color": "red",
            "suspect": false,
            "position": 3,
            "power": true
        },
        {
            "color": "white",
            "suspect": true,
            "position": 2,
            "power": false
        },
        {
            "color": "grey",
            "suspect": false,
            "position": 0,
            "power": true
        },
        {
            "color": "blue",
            "suspect": false,
            "position": 6,
            "power": true
        },
        {
            "color": "brown",
            "suspect": false,
            "position": 9,
            "power": false
        },
        {
            "color": "pink",
            "suspect": true,
            "position": 4,
            "power": false
        },
        {
            "color": "black",
            "suspect": false,
            "position": 1,
            "power": false
        },
        {
            "color": "purple",
            "suspect": false,
            "position": 0,
            "power": false
        }
    ],
    "active character_cards": [
        {
            "color": "brown",
            "suspect": false,
            "position": 9,
            "power": false
        },
        {
            "color": "pink",
            "suspect": true,
            "position": 4,
            "power": false
        },
        {
            "color": "black",
            "suspect": false,
            "position": 1,
            "power": false
        },
        {
            "color": "purple",
            "suspect": false,
            "position": 0,
            "power": false
        }
    ]
}
22:31:44 :: INFO :: question : select character
22:31:44 :: INFO :: answer : black-1-clean
22:31:44 :: INFO :: question : select position
22:31:44 :: INFO :: answer : 0
22:31:44 :: INFO :: new position : 0
22:31:44 :: INFO :: question : activate black power
22:31:44 :: INFO :: answer  : yes
22:31:44 :: INFO :: black power activated
22:31:44 :: INFO :: new position : pink-0-suspect
22:31:44 :: INFO :: --
inspector plays
--
22:31:44 :: DEBUG :: {
    "position_carlotta": 16,
    "exit": 22,
    "num_tour": 4,
    "shadow": 5,
    "blocked": [
        9,
        8
    ],
    "characters": [
        {
            "color": "pink",
            "suspect": true,
            "position": 0,
            "power": false
        },
        {
            "color": "white",
            "suspect": true,
            "position": 2,
            "power": false
        },
        {
            "color": "blue",
            "suspect": false,
            "position": 6,
            "power": true
        },
        {
            "color": "grey",
            "suspect": false,
            "position": 0,
            "power": true
        },
        {
            "color": "purple",
            "suspect": false,
            "position": 0,
            "power": false
        },
        {
            "color": "red",
            "suspect": false,
            "position": 3,
            "power": true
        },
        {
            "color": "brown",
            "suspect": false,
            "position": 9,
            "power": false
        },
        {
            "color": "black",
            "suspect": false,
            "position": 0,
            "power": true
        }
    ],
    "character_cards": [
        {
            "color": "red",
            "suspect": false,
            "position": 3,
            "power": true
        },
        {
            "color": "white",
            "suspect": true,
            "position": 2,
            "power": false
        },
        {
            "color": "grey",
            "suspect": false,
            "position": 0,
            "power": true
        },
        {
            "color": "blue",
            "suspect": false,
            "position": 6,
            "power": true
        },
        {
            "color": "brown",
            "suspect": false,
            "position": 9,
            "power": false
        },
        {
            "color": "pink",
            "suspect": true,
            "position": 0,
            "power": false
        },
        {
            "color": "black",
            "suspect": false,
            "position": 0,
            "power": true
        },
        {
            "color": "purple",
            "suspect": false,
            "position": 0,
            "power": false
        }
    ],
    "active character_cards": [
        {
            "color": "brown",
            "suspect": false,
            "position": 9,
            "power": false
        },
        {
            "color": "pink",
            "suspect": true,
            "position": 0,
            "power": false
        },
        {
            "color": "purple",
            "suspect": false,
            "position": 0,
            "power": false
        }
    ]
}
22:31:44 :: INFO :: question : select character
22:31:44 :: INFO :: answer : pink-0-suspect
22:31:44 :: INFO :: question : select position
22:31:44 :: INFO :: answer : 2
22:31:44 :: INFO :: new position : 2
22:31:44 :: INFO :: --
inspector plays
--
22:31:44 :: DEBUG :: {
    "position_carlotta": 16,
    "exit": 22,
    "num_tour": 4,
    "shadow": 5,
    "blocked": [
        9,
        8
    ],
    "characters": [
        {
            "color": "pink",
            "suspect": true,
            "position": 2,
            "power": false
        },
        {
            "color": "white",
            "suspect": true,
            "position": 2,
            "power": false
        },
        {
            "color": "blue",
            "suspect": false,
            "position": 6,
            "power": true
        },
        {
            "color": "grey",
            "suspect": false,
            "position": 0,
            "power": true
        },
        {
            "color": "purple",
            "suspect": false,
            "position": 0,
            "power": false
        },
        {
            "color": "red",
            "suspect": false,
            "position": 3,
            "power": true
        },
        {
            "color": "brown",
            "suspect": false,
            "position": 9,
            "power": false
        },
        {
            "color": "black",
            "suspect": false,
            "position": 0,
            "power": true
        }
    ],
    "character_cards": [
        {
            "color": "red",
            "suspect": false,
            "position": 3,
            "power": true
        },
        {
            "color": "white",
            "suspect": true,
            "position": 2,
            "power": false
        },
        {
            "color": "grey",
            "suspect": false,
            "position": 0,
            "power": true
        },
        {
            "color": "blue",
            "suspect": false,
            "position": 6,
            "power": true
        },
        {
            "color": "brown",
            "suspect": false,
            "position": 9,
            "power": false
        },
        {
            "color": "pink",
            "suspect": true,
            "position": 2,
            "power": false
        },
        {
            "color": "black",
            "suspect": false,
            "position": 0,
            "power": true
        },
        {
            "color": "purple",
            "suspect": false,
            "position": 0,
            "power": false
        }
    ],
    "active character_cards": [
        {
            "color": "brown",
            "suspect": false,
            "position": 9,
            "power": false
        },
        {
            "color": "purple",
            "suspect": false,
            "position": 0,
            "power": false
        }
    ]
}
22:31:44 :: INFO :: question : select character
22:31:44 :: INFO :: answer : purple-0-clean
22:31:45 :: INFO :: question : activate purple power
22:31:45 :: INFO :: answer  : no
22:31:45 :: INFO :: question : select position
22:31:45 :: INFO :: answer : 1
22:31:45 :: INFO :: new position : 1
22:31:45 :: INFO :: --
fantom plays
--
22:31:45 :: DEBUG :: {
    "position_carlotta": 16,
    "exit": 22,
    "num_tour": 4,
    "shadow": 5,
    "blocked": [
        9,
        8
    ],
    "characters": [
        {
            "color": "pink",
            "suspect": true,
            "position": 2,
            "power": false
        },
        {
            "color": "white",
            "suspect": true,
            "position": 2,
            "power": false
        },
        {
            "color": "blue",
            "suspect": false,
            "position": 6,
            "power": true
        },
        {
            "color": "grey",
            "suspect": false,
            "position": 0,
            "power": true
        },
        {
            "color": "purple",
            "suspect": false,
            "position": 1,
            "power": false
        },
        {
            "color": "red",
            "suspect": false,
            "position": 3,
            "power": true
        },
        {
            "color": "brown",
            "suspect": false,
            "position": 9,
            "power": false
        },
        {
            "color": "black",
            "suspect": false,
            "position": 0,
            "power": true
        }
    ],
    "character_cards": [
        {
            "color": "red",
            "suspect": false,
            "position": 3,
            "power": true
        },
        {
            "color": "white",
            "suspect": true,
            "position": 2,
            "power": false
        },
        {
            "color": "grey",
            "suspect": false,
            "position": 0,
            "power": true
        },
        {
            "color": "blue",
            "suspect": false,
            "position": 6,
            "power": true
        },
        {
            "color": "brown",
            "suspect": false,
            "position": 9,
            "power": false
        },
        {
            "color": "pink",
            "suspect": true,
            "position": 2,
            "power": false
        },
        {
            "color": "black",
            "suspect": false,
            "position": 0,
            "power": true
        },
        {
            "color": "purple",
            "suspect": false,
            "position": 1,
            "power": false
        }
    ],
    "active character_cards": [
        {
            "color": "brown",
            "suspect": false,
            "position": 9,
            "power": false
        }
    ]
}
22:31:45 :: INFO :: question : select character
22:31:45 :: INFO :: answer : brown-9-clean
22:31:45 :: INFO :: question : activate brown power
22:31:45 :: INFO :: answer  : yes
22:31:45 :: INFO :: brown power activated
22:31:45 :: INFO :: question : select position
22:31:45 :: INFO :: answer : 7
22:31:45 :: INFO :: new position : 7
22:31:45 :: INFO :: the fantom does not scream.
22:31:45 :: INFO :: 
------------------
22:31:45 :: INFO :: 
pink-2-suspectTour: 5,
Position Carlotta / exit: 18/22,
Shadow: 5,
blocked: (9, 8)
white-2-suspectTour: 5,
Position Carlotta / exit: 18/22,
Shadow: 5,
blocked: (9, 8)
blue-6-cleanTour: 5,
Position Carlotta / exit: 18/22,
Shadow: 5,
blocked: (9, 8)
grey-0-cleanTour: 5,
Position Carlotta / exit: 18/22,
Shadow: 5,
blocked: (9, 8)
purple-1-cleanTour: 5,
Position Carlotta / exit: 18/22,
Shadow: 5,
blocked: (9, 8)
red-3-cleanTour: 5,
Position Carlotta / exit: 18/22,
Shadow: 5,
blocked: (9, 8)
brown-7-cleanTour: 5,
Position Carlotta / exit: 18/22,
Shadow: 5,
blocked: (9, 8)
black-0-clean
22:31:45 :: DEBUG :: {
    "position_carlotta": 18,
    "exit": 22,
    "num_tour": 5,
    "shadow": 5,
    "blocked": [
        9,
        8
    ],
    "characters": [
        {
            "color": "pink",
            "suspect": true,
            "position": 2,
            "power": false
        },
        {
            "color": "white",
            "suspect": true,
            "position": 2,
            "power": false
        },
        {
            "color": "blue",
            "suspect": false,
            "position": 6,
            "power": true
        },
        {
            "color": "grey",
            "suspect": false,
            "position": 0,
            "power": true
        },
        {
            "color": "purple",
            "suspect": false,
            "position": 1,
            "power": false
        },
        {
            "color": "red",
            "suspect": false,
            "position": 3,
            "power": true
        },
        {
            "color": "brown",
            "suspect": false,
            "position": 7,
            "power": true
        },
        {
            "color": "black",
            "suspect": false,
            "position": 0,
            "power": true
        }
    ],
    "character_cards": [
        {
            "color": "red",
            "suspect": false,
            "position": 3,
            "power": true
        },
        {
            "color": "white",
            "suspect": true,
            "position": 2,
            "power": false
        },
        {
            "color": "grey",
            "suspect": false,
            "position": 0,
            "power": true
        },
        {
            "color": "blue",
            "suspect": false,
            "position": 6,
            "power": true
        },
        {
            "color": "brown",
            "suspect": false,
            "position": 7,
            "power": true
        },
        {
            "color": "pink",
            "suspect": true,
            "position": 2,
            "power": false
        },
        {
            "color": "black",
            "suspect": false,
            "position": 0,
            "power": true
        },
        {
            "color": "purple",
            "suspect": false,
            "position": 1,
            "power": false
        }
    ],
    "active character_cards": []
}
22:31:45 :: INFO :: -
shuffle 8 character_cards
-
22:31:45 :: INFO :: --
inspector plays
--
22:31:45 :: DEBUG :: {
    "position_carlotta": 18,
    "exit": 22,
    "num_tour": 5,
    "shadow": 5,
    "blocked": [
        9,
        8
    ],
    "characters": [
        {
            "color": "pink",
            "suspect": true,
            "position": 2,
            "power": false
        },
        {
            "color": "white",
            "suspect": true,
            "position": 2,
            "power": false
        },
        {
            "color": "blue",
            "suspect": false,
            "position": 6,
            "power": false
        },
        {
            "color": "grey",
            "suspect": false,
            "position": 0,
            "power": true
        },
        {
            "color": "purple",
            "suspect": false,
            "position": 1,
            "power": false
        },
        {
            "color": "red",
            "suspect": false,
            "position": 3,
            "power": true
        },
        {
            "color": "brown",
            "suspect": false,
            "position": 7,
            "power": true
        },
        {
            "color": "black",
            "suspect": false,
            "position": 0,
            "power": false
        }
    ],
    "character_cards": [
        {
            "color": "purple",
            "suspect": false,
            "position": 1,
            "power": false
        },
        {
            "color": "black",
            "suspect": false,
            "position": 0,
            "power": false
        },
        {
            "color": "pink",
            "suspect": true,
            "position": 2,
            "power": false
        },
        {
            "color": "blue",
            "suspect": false,
            "position": 6,
            "power": false
        },
        {
            "color": "grey",
            "suspect": false,
            "position": 0,
            "power": true
        },
        {
            "color": "brown",
            "suspect": false,
            "position": 7,
            "power": true
        },
        {
            "color": "red",
            "suspect": false,
            "position": 3,
            "power": true
        },
        {
            "color": "white",
            "suspect": true,
            "position": 2,
            "power": false
        }
    ],
    "active character_cards": [
        {
            "color": "purple",
            "suspect": false,
            "position": 1,
            "power": false
        },
        {
            "color": "black",
            "suspect": false,
            "position": 0,
            "power": false
        },
        {
            "color": "pink",
            "suspect": true,
            "position": 2,
            "power": false
        },
        {
            "color": "blue",
            "suspect": false,
            "position": 6,
            "power": false
        }
    ]
}
22:31:45 :: INFO :: question : select character
22:31:45 :: INFO :: answer : pink-2-suspect
22:31:45 :: INFO :: question : select position
22:31:45 :: INFO :: answer : 5
22:31:45 :: INFO :: new position : 5
22:31:45 :: INFO :: --
fantom plays
--
22:31:45 :: DEBUG :: {
    "position_carlotta": 18,
    "exit": 22,
    "num_tour": 5,
    "shadow": 5,
    "blocked": [
        9,
        8
    ],
    "characters": [
        {
            "color": "pink",
            "suspect": true,
            "position": 5,
            "power": false
        },
        {
            "color": "white",
            "suspect": true,
            "position": 2,
            "power": false
        },
        {
            "color": "blue",
            "suspect": false,
            "position": 6,
            "power": false
        },
        {
            "color": "grey",
            "suspect": false,
            "position": 0,
            "power": true
        },
        {
            "color": "purple",
            "suspect": false,
            "position": 1,
            "power": false
        },
        {
            "color": "red",
            "suspect": false,
            "position": 3,
            "power": true
        },
        {
            "color": "brown",
            "suspect": false,
            "position": 7,
            "power": true
        },
        {
            "color": "black",
            "suspect": false,
            "position": 0,
            "power": false
        }
    ],
    "character_cards": [
        {
            "color": "purple",
            "suspect": false,
            "position": 1,
            "power": false
        },
        {
            "color": "black",
            "suspect": false,
            "position": 0,
            "power": false
        },
        {
            "color": "pink",
            "suspect": true,
            "position": 5,
            "power": false
        },
        {
            "color": "blue",
            "suspect": false,
            "position": 6,
            "power": false
        },
        {
            "color": "grey",
            "suspect": false,
            "position": 0,
            "power": true
        },
        {
            "color": "brown",
            "suspect": false,
            "position": 7,
            "power": true
        },
        {
            "color": "red",
            "suspect": false,
            "position": 3,
            "power": true
        },
        {
            "color": "white",
            "suspect": true,
            "position": 2,
            "power": false
        }
    ],
    "active character_cards": [
        {
            "color": "purple",
            "suspect": false,
            "position": 1,
            "power": false
        },
        {
            "color": "black",
            "suspect": false,
            "position": 0,
            "power": false
        },
        {
            "color": "blue",
            "suspect": false,
            "position": 6,
            "power": false
        }
    ]
}
22:31:45 :: INFO :: question : select character
22:31:45 :: INFO :: answer : black-0-clean
22:31:45 :: INFO :: question : select position
22:31:45 :: INFO :: answer : 5
22:31:45 :: INFO :: new position : 5
22:31:45 :: INFO :: question : activate black power
22:31:45 :: INFO :: answer  : yes
22:31:45 :: INFO :: black power activated
22:31:45 :: INFO :: new position : blue-5-clean
22:31:45 :: INFO :: --
fantom plays
--
22:31:45 :: DEBUG :: {
    "position_carlotta": 18,
    "exit": 22,
    "num_tour": 5,
    "shadow": 5,
    "blocked": [
        9,
        8
    ],
    "characters": [
        {
            "color": "pink",
            "suspect": true,
            "position": 5,
            "power": false
        },
        {
            "color": "white",
            "suspect": true,
            "position": 2,
            "power": false
        },
        {
            "color": "blue",
            "suspect": false,
            "position": 5,
            "power": false
        },
        {
            "color": "grey",
            "suspect": false,
            "position": 0,
            "power": true
        },
        {
            "color": "purple",
            "suspect": false,
            "position": 1,
            "power": false
        },
        {
            "color": "red",
            "suspect": false,
            "position": 3,
            "power": true
        },
        {
            "color": "brown",
            "suspect": false,
            "position": 7,
            "power": true
        },
        {
            "color": "black",
            "suspect": false,
            "position": 5,
            "power": true
        }
    ],
    "character_cards": [
        {
            "color": "purple",
            "suspect": false,
            "position": 1,
            "power": false
        },
        {
            "color": "black",
            "suspect": false,
            "position": 5,
            "power": true
        },
        {
            "color": "pink",
            "suspect": true,
            "position": 5,
            "power": false
        },
        {
            "color": "blue",
            "suspect": false,
            "position": 5,
            "power": false
        },
        {
            "color": "grey",
            "suspect": false,
            "position": 0,
            "power": true
        },
        {
            "color": "brown",
            "suspect": false,
            "position": 7,
            "power": true
        },
        {
            "color": "red",
            "suspect": false,
            "position": 3,
            "power": true
        },
        {
            "color": "white",
            "suspect": true,
            "position": 2,
            "power": false
        }
    ],
    "active character_cards": [
        {
            "color": "purple",
            "suspect": false,
            "position": 1,
            "power": false
        },
        {
            "color": "blue",
            "suspect": false,
            "position": 5,
            "power": false
        }
    ]
}
22:31:45 :: INFO :: question : select character
22:31:45 :: INFO :: answer : blue-5-clean
22:31:45 :: INFO :: question : select position
22:31:45 :: INFO :: answer : 7
22:31:45 :: INFO :: new position : 7
22:31:45 :: INFO :: blue power activated
22:31:45 :: INFO :: question : blue character power exit
22:31:45 :: INFO :: answer : {3, 7}
22:31:45 :: INFO :: --
inspector plays
--
22:31:45 :: DEBUG :: {
    "position_carlotta": 18,
    "exit": 22,
    "num_tour": 5,
    "shadow": 5,
    "blocked": [
        3,
        7
    ],
    "characters": [
        {
            "color": "pink",
            "suspect": true,
            "position": 5,
            "power": false
        },
        {
            "color": "white",
            "suspect": true,
            "position": 2,
            "power": false
        },
        {
            "color": "blue",
            "suspect": false,
            "position": 7,
            "power": true
        },
        {
            "color": "grey",
            "suspect": false,
            "position": 0,
            "power": true
        },
        {
            "color": "purple",
            "suspect": false,
            "position": 1,
            "power": false
        },
        {
            "color": "red",
            "suspect": false,
            "position": 3,
            "power": true
        },
        {
            "color": "brown",
            "suspect": false,
            "position": 7,
            "power": true
        },
        {
            "color": "black",
            "suspect": false,
            "position": 5,
            "power": true
        }
    ],
    "character_cards": [
        {
            "color": "purple",
            "suspect": false,
            "position": 1,
            "power": false
        },
        {
            "color": "black",
            "suspect": false,
            "position": 5,
            "power": true
        },
        {
            "color": "pink",
            "suspect": true,
            "position": 5,
            "power": false
        },
        {
            "color": "blue",
            "suspect": false,
            "position": 7,
            "power": true
        },
        {
            "color": "grey",
            "suspect": false,
            "position": 0,
            "power": true
        },
        {
            "color": "brown",
            "suspect": false,
            "position": 7,
            "power": true
        },
        {
            "color": "red",
            "suspect": false,
            "position": 3,
            "power": true
        },
        {
            "color": "white",
            "suspect": true,
            "position": 2,
            "power": false
        }
    ],
    "active character_cards": [
        {
            "color": "purple",
            "suspect": false,
            "position": 1,
            "power": false
        }
    ]
}
22:31:45 :: INFO :: question : select character
22:31:45 :: INFO :: answer : purple-1-clean
22:31:45 :: INFO :: question : activate purple power
22:31:45 :: INFO :: answer  : no
22:31:45 :: INFO :: question : select position
22:31:45 :: INFO :: answer : 2
22:31:45 :: INFO :: new position : 2
22:31:45 :: INFO :: The fantom screams.
22:31:45 :: INFO :: ----------
---- inspector wins : fantom is pink-5-suspect
22:31:45 :: INFO :: ---- final position of Carlotta : 20
22:31:45 :: INFO :: ---- exit : 22
22:31:45 :: INFO :: ---- final score : 2
----------
